04-01-2022 09:38:05 - INFO  com.capg.mobilegames.MobileGamesApplication : No active profile set, falling back to default profiles: default
04-01-2022 09:38:06 - INFO  org.springframework.data.repository.config.RepositoryConfigurationDelegate : Bootstrapping Spring Data JPA repositories in DEFAULT mode.
04-01-2022 09:38:06 - INFO  org.springframework.data.repository.config.RepositoryConfigurationDelegate : Finished Spring Data repository scanning in 171 ms. Found 1 JPA repository interfaces.
04-01-2022 09:38:06 - INFO  org.springframework.cloud.context.scope.GenericScope : BeanFactory id=ed1a33be-0a6f-323a-a4f9-b145681bdb68
04-01-2022 09:38:07 - INFO  org.springframework.boot.web.embedded.tomcat.TomcatWebServer : Tomcat initialized with port(s): 9090 (http)
04-01-2022 09:38:07 - INFO  org.apache.catalina.core.StandardService : Starting service [Tomcat]
04-01-2022 09:38:07 - INFO  org.apache.catalina.core.StandardEngine : Starting Servlet engine: [Apache Tomcat/9.0.56]
04-01-2022 09:38:07 - INFO  org.apache.catalina.core.ContainerBase.[Tomcat].[localhost].[/] : Initializing Spring embedded WebApplicationContext
04-01-2022 09:38:07 - INFO  org.springframework.boot.web.servlet.context.ServletWebServerApplicationContext : Root WebApplicationContext: initialization completed in 1756 ms
04-01-2022 09:38:07 - INFO  com.zaxxer.hikari.HikariDataSource : HikariPool-1 - Starting...
04-01-2022 09:38:07 - INFO  com.zaxxer.hikari.HikariDataSource : HikariPool-1 - Start completed.
04-01-2022 09:38:07 - INFO  org.springframework.boot.autoconfigure.h2.H2ConsoleAutoConfiguration : H2 console available at '/h2-console'. Database available at 'jdbc:h2:mem:testdb'
04-01-2022 09:38:07 - INFO  org.hibernate.jpa.internal.util.LogHelper : HHH000204: Processing PersistenceUnitInfo [name: default]
04-01-2022 09:38:07 - INFO  org.hibernate.Version : HHH000412: Hibernate ORM core version 5.6.3.Final
04-01-2022 09:38:08 - INFO  org.hibernate.annotations.common.Version : HCANN000001: Hibernate Commons Annotations {5.1.2.Final}
04-01-2022 09:38:08 - INFO  org.hibernate.dialect.Dialect : HHH000400: Using dialect: org.hibernate.dialect.H2Dialect
04-01-2022 09:38:08 - INFO  org.hibernate.engine.transaction.jta.platform.internal.JtaPlatformInitiator : HHH000490: Using JtaPlatform implementation: [org.hibernate.engine.transaction.jta.platform.internal.NoJtaPlatform]
04-01-2022 09:38:08 - INFO  org.springframework.orm.jpa.LocalContainerEntityManagerFactoryBean : Initialized JPA EntityManagerFactory for persistence unit 'default'
04-01-2022 09:38:09 - WARN  org.springframework.boot.autoconfigure.orm.jpa.JpaBaseConfiguration$JpaWebConfiguration : spring.jpa.open-in-view is enabled by default. Therefore, database queries may be performed during view rendering. Explicitly configure spring.jpa.open-in-view to disable this warning
04-01-2022 09:38:10 - INFO  org.apache.catalina.core.ContainerBase.[Tomcat].[localhost].[/] : Initializing Spring DispatcherServlet 'dispatcherServlet'
04-01-2022 09:38:10 - INFO  org.springframework.web.servlet.DispatcherServlet : Initializing Servlet 'dispatcherServlet'
04-01-2022 09:38:10 - INFO  org.springframework.boot.actuate.endpoint.web.EndpointLinksResolver : Exposing 17 endpoint(s) beneath base path '/actuator'
04-01-2022 09:38:10 - INFO  org.springframework.web.servlet.DispatcherServlet : Completed initialization in 367 ms
04-01-2022 09:38:10 - INFO  org.springframework.cloud.netflix.eureka.config.DiscoveryClientOptionalArgsConfiguration : Eureka HTTP Client uses RestTemplate.
04-01-2022 09:38:10 - WARN  org.springframework.cloud.loadbalancer.config.LoadBalancerCacheAutoConfiguration$LoadBalancerCaffeineWarnLogger : Spring Cloud LoadBalancer is currently working with the default cache. You can switch to using Caffeine cache, by adding it and org.springframework.cache.caffeine.CaffeineCacheManager to the classpath.
04-01-2022 09:38:10 - INFO  org.springframework.cloud.netflix.eureka.InstanceInfoFactory : Setting initial instance status as: STARTING
04-01-2022 09:38:10 - INFO  com.netflix.discovery.DiscoveryClient : Initializing Eureka in region us-east-1
04-01-2022 09:38:11 - INFO  com.netflix.discovery.shared.resolver.aws.ConfigClusterResolver : Resolving eureka endpoints via configuration
04-01-2022 09:38:11 - INFO  com.netflix.discovery.DiscoveryClient : Disable delta property : false
04-01-2022 09:38:11 - INFO  com.netflix.discovery.DiscoveryClient : Single vip registry refresh property : null
04-01-2022 09:38:11 - INFO  com.netflix.discovery.DiscoveryClient : Force full registry fetch : false
04-01-2022 09:38:11 - INFO  com.netflix.discovery.DiscoveryClient : Application is null : false
04-01-2022 09:38:11 - INFO  com.netflix.discovery.DiscoveryClient : Registered Applications size is zero : true
04-01-2022 09:38:11 - INFO  com.netflix.discovery.DiscoveryClient : Application version is -1: true
04-01-2022 09:38:11 - INFO  com.netflix.discovery.DiscoveryClient : Getting all instance registry info from the eureka server
04-01-2022 09:38:11 - INFO  com.netflix.discovery.DiscoveryClient : The response status is 200
04-01-2022 09:38:11 - INFO  com.netflix.discovery.DiscoveryClient : Starting heartbeat executor: renew interval is: 30
04-01-2022 09:38:11 - INFO  com.netflix.discovery.InstanceInfoReplicator : InstanceInfoReplicator onDemand update allowed rate per min is 4
04-01-2022 09:38:11 - INFO  com.netflix.discovery.DiscoveryClient : Discovery Client initialized at timestamp 1641269291722 with initial instances count: 0
04-01-2022 09:38:11 - INFO  org.springframework.cloud.netflix.eureka.serviceregistry.EurekaServiceRegistry : Registering application MOBILEGAMES with eureka with status UP
04-01-2022 09:38:11 - INFO  com.netflix.discovery.DiscoveryClient : Saw local status change event StatusChangeEvent [timestamp=1641269291725, current=UP, previous=STARTING]
04-01-2022 09:38:11 - INFO  com.netflix.discovery.DiscoveryClient : DiscoveryClient_MOBILEGAMES/host.docker.internal:mobilegames:9090: registering service...
04-01-2022 09:38:11 - INFO  org.springframework.boot.web.embedded.tomcat.TomcatWebServer : Tomcat started on port(s): 9090 (http) with context path ''
04-01-2022 09:38:11 - INFO  org.springframework.cloud.netflix.eureka.serviceregistry.EurekaAutoServiceRegistration : Updating port to 9090
04-01-2022 09:38:11 - INFO  com.netflix.discovery.DiscoveryClient : DiscoveryClient_MOBILEGAMES/host.docker.internal:mobilegames:9090 - registration status: 204
04-01-2022 09:38:12 - INFO  com.capg.mobilegames.MobileGamesApplication : Started MobileGamesApplication in 11.255 seconds (JVM running for 12.414)
04-01-2022 09:38:41 - INFO  com.netflix.discovery.DiscoveryClient : Disable delta property : false
04-01-2022 09:38:41 - INFO  com.netflix.discovery.DiscoveryClient : Single vip registry refresh property : null
04-01-2022 09:38:41 - INFO  com.netflix.discovery.DiscoveryClient : Force full registry fetch : false
04-01-2022 09:38:41 - INFO  com.netflix.discovery.DiscoveryClient : Application is null : false
04-01-2022 09:38:41 - INFO  com.netflix.discovery.DiscoveryClient : Registered Applications size is zero : true
04-01-2022 09:38:41 - INFO  com.netflix.discovery.DiscoveryClient : Application version is -1: false
04-01-2022 09:38:41 - INFO  com.netflix.discovery.DiscoveryClient : Getting all instance registry info from the eureka server
04-01-2022 09:38:41 - INFO  com.netflix.discovery.DiscoveryClient : The response status is 200
04-01-2022 09:38:59 - INFO  com.capg.mobilegames.utils.MobileGamesConstants : Mobile Games Controller: getMobileGame method is initialized
04-01-2022 09:38:59 - INFO  com.capg.mobilegames.utils.MobileGamesConstants : MobileGamesService: getMobileGame method is initialized
04-01-2022 09:39:00 - INFO  com.capg.mobilegames.utils.MobileGamesConstants : Mobile Games Service: addMobileGame method is executed
04-01-2022 09:39:00 - ERROR org.apache.catalina.core.ContainerBase.[Tomcat].[localhost].[/].[dispatcherServlet] : Servlet.service() for servlet [dispatcherServlet] in context with path [] threw exception [Handler dispatch failed; nested exception is java.lang.ExceptionInInitializerError] with root cause
java.lang.ClassNotFoundException: Cannot find implementation for com.capg.mobilegames.mapstruct.mapper.IMobileGamesMapper
	at org.mapstruct.factory.Mappers.getMapper(Mappers.java:75) ~[mapstruct-1.4.0.Beta2.jar:na]
	at org.mapstruct.factory.Mappers.getMapper(Mappers.java:58) ~[mapstruct-1.4.0.Beta2.jar:na]
	at com.capg.mobilegames.mapstruct.mapper.IMobileGamesMapper.<clinit>(IMobileGamesMapper.java:12) ~[main/:na]
	at com.capg.mobilegames.service.MobileGamesService.getMobileGame(MobileGamesService.java:44) ~[main/:na]
	at com.capg.mobilegames.controller.MobileGamesController.getMobileGame(MobileGamesController.java:55) ~[main/:na]
	at java.base/jdk.internal.reflect.NativeMethodAccessorImpl.invoke0(Native Method) ~[na:na]
	at java.base/jdk.internal.reflect.NativeMethodAccessorImpl.invoke(NativeMethodAccessorImpl.java:62) ~[na:na]
	at java.base/jdk.internal.reflect.DelegatingMethodAccessorImpl.invoke(DelegatingMethodAccessorImpl.java:43) ~[na:na]
	at java.base/java.lang.reflect.Method.invoke(Method.java:566) ~[na:na]
	at org.springframework.util.ReflectionUtils.invokeMethod(ReflectionUtils.java:282) ~[spring-core-5.3.14.jar:5.3.14]
	at org.springframework.cloud.context.scope.GenericScope$LockedScopedProxyFactoryBean.invoke(GenericScope.java:485) ~[spring-cloud-context-3.1.0.jar:3.1.0]
	at org.springframework.aop.framework.ReflectiveMethodInvocation.proceed(ReflectiveMethodInvocation.java:186) ~[spring-aop-5.3.14.jar:5.3.14]
	at org.springframework.aop.framework.CglibAopProxy$CglibMethodInvocation.proceed(CglibAopProxy.java:753) ~[spring-aop-5.3.14.jar:5.3.14]
	at org.springframework.aop.framework.CglibAopProxy$DynamicAdvisedInterceptor.intercept(CglibAopProxy.java:698) ~[spring-aop-5.3.14.jar:5.3.14]
	at com.capg.mobilegames.controller.MobileGamesController$$EnhancerBySpringCGLIB$$c01ed2d6.getMobileGame(<generated>) ~[main/:na]
	at java.base/jdk.internal.reflect.NativeMethodAccessorImpl.invoke0(Native Method) ~[na:na]
	at java.base/jdk.internal.reflect.NativeMethodAccessorImpl.invoke(NativeMethodAccessorImpl.java:62) ~[na:na]
	at java.base/jdk.internal.reflect.DelegatingMethodAccessorImpl.invoke(DelegatingMethodAccessorImpl.java:43) ~[na:na]
	at java.base/java.lang.reflect.Method.invoke(Method.java:566) ~[na:na]
	at org.springframework.web.method.support.InvocableHandlerMethod.doInvoke(InvocableHandlerMethod.java:205) ~[spring-web-5.3.14.jar:5.3.14]
	at org.springframework.web.method.support.InvocableHandlerMethod.invokeForRequest(InvocableHandlerMethod.java:150) ~[spring-web-5.3.14.jar:5.3.14]
	at org.springframework.web.servlet.mvc.method.annotation.ServletInvocableHandlerMethod.invokeAndHandle(ServletInvocableHandlerMethod.java:117) ~[spring-webmvc-5.3.14.jar:5.3.14]
	at org.springframework.web.servlet.mvc.method.annotation.RequestMappingHandlerAdapter.invokeHandlerMethod(RequestMappingHandlerAdapter.java:895) ~[spring-webmvc-5.3.14.jar:5.3.14]
	at org.springframework.web.servlet.mvc.method.annotation.RequestMappingHandlerAdapter.handleInternal(RequestMappingHandlerAdapter.java:808) ~[spring-webmvc-5.3.14.jar:5.3.14]
	at org.springframework.web.servlet.mvc.method.AbstractHandlerMethodAdapter.handle(AbstractHandlerMethodAdapter.java:87) ~[spring-webmvc-5.3.14.jar:5.3.14]
	at org.springframework.web.servlet.DispatcherServlet.doDispatch(DispatcherServlet.java:1067) ~[spring-webmvc-5.3.14.jar:5.3.14]
	at org.springframework.web.servlet.DispatcherServlet.doService(DispatcherServlet.java:963) ~[spring-webmvc-5.3.14.jar:5.3.14]
	at org.springframework.web.servlet.FrameworkServlet.processRequest(FrameworkServlet.java:1006) ~[spring-webmvc-5.3.14.jar:5.3.14]
	at org.springframework.web.servlet.FrameworkServlet.doGet(FrameworkServlet.java:898) ~[spring-webmvc-5.3.14.jar:5.3.14]
	at javax.servlet.http.HttpServlet.service(HttpServlet.java:655) ~[tomcat-embed-core-9.0.56.jar:4.0.FR]
	at org.springframework.web.servlet.FrameworkServlet.service(FrameworkServlet.java:883) ~[spring-webmvc-5.3.14.jar:5.3.14]
	at javax.servlet.http.HttpServlet.service(HttpServlet.java:764) ~[tomcat-embed-core-9.0.56.jar:4.0.FR]
	at org.apache.catalina.core.ApplicationFilterChain.internalDoFilter(ApplicationFilterChain.java:227) ~[tomcat-embed-core-9.0.56.jar:9.0.56]
	at org.apache.catalina.core.ApplicationFilterChain.doFilter(ApplicationFilterChain.java:162) ~[tomcat-embed-core-9.0.56.jar:9.0.56]
	at org.apache.tomcat.websocket.server.WsFilter.doFilter(WsFilter.java:53) ~[tomcat-embed-websocket-9.0.56.jar:9.0.56]
	at org.apache.catalina.core.ApplicationFilterChain.internalDoFilter(ApplicationFilterChain.java:189) ~[tomcat-embed-core-9.0.56.jar:9.0.56]
	at org.apache.catalina.core.ApplicationFilterChain.doFilter(ApplicationFilterChain.java:162) ~[tomcat-embed-core-9.0.56.jar:9.0.56]
	at org.springframework.web.filter.RequestContextFilter.doFilterInternal(RequestContextFilter.java:100) ~[spring-web-5.3.14.jar:5.3.14]
	at org.springframework.web.filter.OncePerRequestFilter.doFilter(OncePerRequestFilter.java:117) ~[spring-web-5.3.14.jar:5.3.14]
	at org.apache.catalina.core.ApplicationFilterChain.internalDoFilter(ApplicationFilterChain.java:189) ~[tomcat-embed-core-9.0.56.jar:9.0.56]
	at org.apache.catalina.core.ApplicationFilterChain.doFilter(ApplicationFilterChain.java:162) ~[tomcat-embed-core-9.0.56.jar:9.0.56]
	at org.springframework.web.filter.FormContentFilter.doFilterInternal(FormContentFilter.java:93) ~[spring-web-5.3.14.jar:5.3.14]
	at org.springframework.web.filter.OncePerRequestFilter.doFilter(OncePerRequestFilter.java:117) ~[spring-web-5.3.14.jar:5.3.14]
	at org.apache.catalina.core.ApplicationFilterChain.internalDoFilter(ApplicationFilterChain.java:189) ~[tomcat-embed-core-9.0.56.jar:9.0.56]
	at org.apache.catalina.core.ApplicationFilterChain.doFilter(ApplicationFilterChain.java:162) ~[tomcat-embed-core-9.0.56.jar:9.0.56]
	at org.springframework.boot.actuate.metrics.web.servlet.WebMvcMetricsFilter.doFilterInternal(WebMvcMetricsFilter.java:96) ~[spring-boot-actuator-2.6.2.jar:2.6.2]
	at org.springframework.web.filter.OncePerRequestFilter.doFilter(OncePerRequestFilter.java:117) ~[spring-web-5.3.14.jar:5.3.14]
	at org.apache.catalina.core.ApplicationFilterChain.internalDoFilter(ApplicationFilterChain.java:189) ~[tomcat-embed-core-9.0.56.jar:9.0.56]
	at org.apache.catalina.core.ApplicationFilterChain.doFilter(ApplicationFilterChain.java:162) ~[tomcat-embed-core-9.0.56.jar:9.0.56]
	at org.springframework.web.filter.CharacterEncodingFilter.doFilterInternal(CharacterEncodingFilter.java:201) ~[spring-web-5.3.14.jar:5.3.14]
	at org.springframework.web.filter.OncePerRequestFilter.doFilter(OncePerRequestFilter.java:117) ~[spring-web-5.3.14.jar:5.3.14]
	at org.apache.catalina.core.ApplicationFilterChain.internalDoFilter(ApplicationFilterChain.java:189) ~[tomcat-embed-core-9.0.56.jar:9.0.56]
	at org.apache.catalina.core.ApplicationFilterChain.doFilter(ApplicationFilterChain.java:162) ~[tomcat-embed-core-9.0.56.jar:9.0.56]
	at org.apache.catalina.core.StandardWrapperValve.invoke(StandardWrapperValve.java:197) ~[tomcat-embed-core-9.0.56.jar:9.0.56]
	at org.apache.catalina.core.StandardContextValve.invoke(StandardContextValve.java:97) ~[tomcat-embed-core-9.0.56.jar:9.0.56]
	at org.apache.catalina.authenticator.AuthenticatorBase.invoke(AuthenticatorBase.java:540) ~[tomcat-embed-core-9.0.56.jar:9.0.56]
	at org.apache.catalina.core.StandardHostValve.invoke(StandardHostValve.java:135) ~[tomcat-embed-core-9.0.56.jar:9.0.56]
	at org.apache.catalina.valves.ErrorReportValve.invoke(ErrorReportValve.java:92) ~[tomcat-embed-core-9.0.56.jar:9.0.56]
	at org.apache.catalina.core.StandardEngineValve.invoke(StandardEngineValve.java:78) ~[tomcat-embed-core-9.0.56.jar:9.0.56]
	at org.apache.catalina.connector.CoyoteAdapter.service(CoyoteAdapter.java:357) ~[tomcat-embed-core-9.0.56.jar:9.0.56]
	at org.apache.coyote.http11.Http11Processor.service(Http11Processor.java:382) ~[tomcat-embed-core-9.0.56.jar:9.0.56]
	at org.apache.coyote.AbstractProcessorLight.process(AbstractProcessorLight.java:65) ~[tomcat-embed-core-9.0.56.jar:9.0.56]
	at org.apache.coyote.AbstractProtocol$ConnectionHandler.process(AbstractProtocol.java:895) ~[tomcat-embed-core-9.0.56.jar:9.0.56]
	at org.apache.tomcat.util.net.NioEndpoint$SocketProcessor.doRun(NioEndpoint.java:1732) ~[tomcat-embed-core-9.0.56.jar:9.0.56]
	at org.apache.tomcat.util.net.SocketProcessorBase.run(SocketProcessorBase.java:49) ~[tomcat-embed-core-9.0.56.jar:9.0.56]
	at org.apache.tomcat.util.threads.ThreadPoolExecutor.runWorker(ThreadPoolExecutor.java:1191) ~[tomcat-embed-core-9.0.56.jar:9.0.56]
	at org.apache.tomcat.util.threads.ThreadPoolExecutor$Worker.run(ThreadPoolExecutor.java:659) ~[tomcat-embed-core-9.0.56.jar:9.0.56]
	at org.apache.tomcat.util.threads.TaskThread$WrappingRunnable.run(TaskThread.java:61) ~[tomcat-embed-core-9.0.56.jar:9.0.56]
	at java.base/java.lang.Thread.run(Thread.java:834) ~[na:na]
04-01-2022 09:39:58 - INFO  com.capg.mobilegames.utils.MobileGamesConstants : Mobile Games Database Health Check : health method is initialized
04-01-2022 09:39:58 - INFO  com.capg.mobilegames.utils.MobileGamesConstants : Mobile Games Database Health Check : health method try is executed
04-01-2022 09:39:58 - INFO  com.capg.mobilegames.utils.MobileGamesConstants : Mobile Games Check: iterator method is initialized and Executed
04-01-2022 09:39:58 - INFO  com.capg.mobilegames.utils.MobileGamesConstants : Mobile Games Database Health Check : health method is initialized
04-01-2022 09:39:58 - INFO  com.capg.mobilegames.utils.MobileGamesConstants : Mobile Games Database Health Check : health method try is executed
04-01-2022 09:40:20 - INFO  org.springframework.boot.admin.SpringApplicationAdminMXBeanRegistrar$SpringApplicationAdmin : Application shutdown requested.
04-01-2022 09:40:20 - INFO  org.springframework.cloud.netflix.eureka.serviceregistry.EurekaServiceRegistry : Unregistering application MOBILEGAMES with eureka with status DOWN
04-01-2022 09:40:20 - INFO  com.netflix.discovery.DiscoveryClient : Saw local status change event StatusChangeEvent [timestamp=1641269420898, current=DOWN, previous=UP]
04-01-2022 09:40:20 - INFO  com.netflix.discovery.DiscoveryClient : DiscoveryClient_MOBILEGAMES/host.docker.internal:mobilegames:9090: registering service...
04-01-2022 09:40:20 - INFO  com.netflix.discovery.DiscoveryClient : DiscoveryClient_MOBILEGAMES/host.docker.internal:mobilegames:9090 - registration status: 204
04-01-2022 09:40:21 - INFO  org.apache.catalina.core.StandardService : Stopping service [Tomcat]
04-01-2022 09:40:21 - INFO  org.apache.catalina.core.ContainerBase.[Tomcat].[localhost].[/] : Destroying Spring FrameworkServlet 'dispatcherServlet'
04-01-2022 09:40:21 - WARN  org.apache.catalina.loader.WebappClassLoaderBase : The web application [ROOT] appears to have started a thread named [HikariPool-1 housekeeper] but has failed to stop it. This is very likely to create a memory leak. Stack trace of thread:
 java.base@11.0.12/jdk.internal.misc.Unsafe.park(Native Method)
 java.base@11.0.12/java.util.concurrent.locks.LockSupport.parkNanos(LockSupport.java:234)
 java.base@11.0.12/java.util.concurrent.locks.AbstractQueuedSynchronizer$ConditionObject.awaitNanos(AbstractQueuedSynchronizer.java:2123)
 java.base@11.0.12/java.util.concurrent.ScheduledThreadPoolExecutor$DelayedWorkQueue.take(ScheduledThreadPoolExecutor.java:1182)
 java.base@11.0.12/java.util.concurrent.ScheduledThreadPoolExecutor$DelayedWorkQueue.take(ScheduledThreadPoolExecutor.java:899)
 java.base@11.0.12/java.util.concurrent.ThreadPoolExecutor.getTask(ThreadPoolExecutor.java:1054)
 java.base@11.0.12/java.util.concurrent.ThreadPoolExecutor.runWorker(ThreadPoolExecutor.java:1114)
 java.base@11.0.12/java.util.concurrent.ThreadPoolExecutor$Worker.run(ThreadPoolExecutor.java:628)
 java.base@11.0.12/java.lang.Thread.run(Thread.java:834)
04-01-2022 09:40:21 - INFO  org.springframework.orm.jpa.LocalContainerEntityManagerFactoryBean : Closing JPA EntityManagerFactory for persistence unit 'default'
04-01-2022 09:40:21 - INFO  com.zaxxer.hikari.HikariDataSource : HikariPool-1 - Shutdown initiated...
04-01-2022 09:40:21 - INFO  com.zaxxer.hikari.HikariDataSource : HikariPool-1 - Shutdown completed.
04-01-2022 09:40:21 - INFO  com.netflix.discovery.DiscoveryClient : Shutting down DiscoveryClient ...
04-01-2022 09:40:24 - INFO  com.netflix.discovery.DiscoveryClient : Unregistering ...
04-01-2022 09:40:24 - INFO  com.netflix.discovery.DiscoveryClient : DiscoveryClient_MOBILEGAMES/host.docker.internal:mobilegames:9090 - deregister  status: 200
04-01-2022 09:40:24 - INFO  com.netflix.discovery.DiscoveryClient : Completed shut down of DiscoveryClient
04-01-2022 09:42:43 - INFO  com.capg.mobilegames.MobileGamesApplication : No active profile set, falling back to default profiles: default
04-01-2022 09:42:45 - INFO  org.springframework.data.repository.config.RepositoryConfigurationDelegate : Bootstrapping Spring Data JPA repositories in DEFAULT mode.
04-01-2022 09:42:45 - INFO  org.springframework.data.repository.config.RepositoryConfigurationDelegate : Finished Spring Data repository scanning in 225 ms. Found 1 JPA repository interfaces.
04-01-2022 09:42:45 - INFO  org.springframework.cloud.context.scope.GenericScope : BeanFactory id=4e94787d-8ee3-3e7b-9c57-d58664372e73
04-01-2022 09:42:46 - INFO  org.springframework.boot.web.embedded.tomcat.TomcatWebServer : Tomcat initialized with port(s): 9090 (http)
04-01-2022 09:42:46 - INFO  org.apache.catalina.core.StandardService : Starting service [Tomcat]
04-01-2022 09:42:46 - INFO  org.apache.catalina.core.StandardEngine : Starting Servlet engine: [Apache Tomcat/9.0.56]
04-01-2022 09:42:46 - INFO  org.apache.catalina.core.ContainerBase.[Tomcat].[localhost].[/] : Initializing Spring embedded WebApplicationContext
04-01-2022 09:42:46 - INFO  org.springframework.boot.web.servlet.context.ServletWebServerApplicationContext : Root WebApplicationContext: initialization completed in 2823 ms
04-01-2022 09:42:47 - INFO  com.zaxxer.hikari.HikariDataSource : HikariPool-1 - Starting...
04-01-2022 09:42:47 - INFO  com.zaxxer.hikari.HikariDataSource : HikariPool-1 - Start completed.
04-01-2022 09:42:47 - INFO  org.springframework.boot.autoconfigure.h2.H2ConsoleAutoConfiguration : H2 console available at '/h2-console'. Database available at 'jdbc:h2:mem:testdb'
04-01-2022 09:42:47 - INFO  org.hibernate.jpa.internal.util.LogHelper : HHH000204: Processing PersistenceUnitInfo [name: default]
04-01-2022 09:42:47 - INFO  org.hibernate.Version : HHH000412: Hibernate ORM core version 5.6.3.Final
04-01-2022 09:42:47 - INFO  org.hibernate.annotations.common.Version : HCANN000001: Hibernate Commons Annotations {5.1.2.Final}
04-01-2022 09:42:48 - INFO  org.hibernate.dialect.Dialect : HHH000400: Using dialect: org.hibernate.dialect.H2Dialect
04-01-2022 09:42:49 - INFO  org.hibernate.engine.transaction.jta.platform.internal.JtaPlatformInitiator : HHH000490: Using JtaPlatform implementation: [org.hibernate.engine.transaction.jta.platform.internal.NoJtaPlatform]
04-01-2022 09:42:49 - INFO  org.springframework.orm.jpa.LocalContainerEntityManagerFactoryBean : Initialized JPA EntityManagerFactory for persistence unit 'default'
04-01-2022 09:42:49 - WARN  org.springframework.boot.autoconfigure.orm.jpa.JpaBaseConfiguration$JpaWebConfiguration : spring.jpa.open-in-view is enabled by default. Therefore, database queries may be performed during view rendering. Explicitly configure spring.jpa.open-in-view to disable this warning
04-01-2022 09:42:51 - INFO  org.springframework.cloud.netflix.eureka.config.DiscoveryClientOptionalArgsConfiguration : Eureka HTTP Client uses RestTemplate.
04-01-2022 09:42:51 - WARN  org.springframework.cloud.loadbalancer.config.LoadBalancerCacheAutoConfiguration$LoadBalancerCaffeineWarnLogger : Spring Cloud LoadBalancer is currently working with the default cache. You can switch to using Caffeine cache, by adding it and org.springframework.cache.caffeine.CaffeineCacheManager to the classpath.
04-01-2022 09:42:51 - INFO  org.springframework.boot.actuate.endpoint.web.EndpointLinksResolver : Exposing 17 endpoint(s) beneath base path '/actuator'
04-01-2022 09:42:51 - INFO  org.springframework.cloud.netflix.eureka.InstanceInfoFactory : Setting initial instance status as: STARTING
04-01-2022 09:42:51 - INFO  com.netflix.discovery.DiscoveryClient : Initializing Eureka in region us-east-1
04-01-2022 09:42:51 - INFO  com.netflix.discovery.shared.resolver.aws.ConfigClusterResolver : Resolving eureka endpoints via configuration
04-01-2022 09:42:51 - INFO  com.netflix.discovery.DiscoveryClient : Disable delta property : false
04-01-2022 09:42:51 - INFO  com.netflix.discovery.DiscoveryClient : Single vip registry refresh property : null
04-01-2022 09:42:51 - INFO  com.netflix.discovery.DiscoveryClient : Force full registry fetch : false
04-01-2022 09:42:51 - INFO  com.netflix.discovery.DiscoveryClient : Application is null : false
04-01-2022 09:42:51 - INFO  com.netflix.discovery.DiscoveryClient : Registered Applications size is zero : true
04-01-2022 09:42:51 - INFO  com.netflix.discovery.DiscoveryClient : Application version is -1: true
04-01-2022 09:42:51 - INFO  com.netflix.discovery.DiscoveryClient : Getting all instance registry info from the eureka server
04-01-2022 09:42:52 - INFO  com.netflix.discovery.DiscoveryClient : The response status is 200
04-01-2022 09:42:52 - INFO  com.netflix.discovery.DiscoveryClient : Starting heartbeat executor: renew interval is: 30
04-01-2022 09:42:52 - INFO  com.netflix.discovery.InstanceInfoReplicator : InstanceInfoReplicator onDemand update allowed rate per min is 4
04-01-2022 09:42:52 - INFO  com.netflix.discovery.DiscoveryClient : Discovery Client initialized at timestamp 1641269572010 with initial instances count: 0
04-01-2022 09:42:52 - INFO  org.springframework.cloud.netflix.eureka.serviceregistry.EurekaServiceRegistry : Registering application MOBILEGAMES with eureka with status UP
04-01-2022 09:42:52 - INFO  com.netflix.discovery.DiscoveryClient : Saw local status change event StatusChangeEvent [timestamp=1641269572016, current=UP, previous=STARTING]
04-01-2022 09:42:52 - INFO  com.netflix.discovery.DiscoveryClient : DiscoveryClient_MOBILEGAMES/host.docker.internal:mobilegames:9090: registering service...
04-01-2022 09:42:52 - INFO  org.springframework.boot.web.embedded.tomcat.TomcatWebServer : Tomcat started on port(s): 9090 (http) with context path ''
04-01-2022 09:42:52 - INFO  org.springframework.cloud.netflix.eureka.serviceregistry.EurekaAutoServiceRegistration : Updating port to 9090
04-01-2022 09:42:52 - INFO  com.netflix.discovery.DiscoveryClient : DiscoveryClient_MOBILEGAMES/host.docker.internal:mobilegames:9090 - registration status: 204
04-01-2022 09:42:52 - INFO  com.capg.mobilegames.MobileGamesApplication : Started MobileGamesApplication in 12.355 seconds (JVM running for 13.121)
04-01-2022 09:42:57 - INFO  org.apache.catalina.core.ContainerBase.[Tomcat].[localhost].[/] : Initializing Spring DispatcherServlet 'dispatcherServlet'
04-01-2022 09:42:57 - INFO  org.springframework.web.servlet.DispatcherServlet : Initializing Servlet 'dispatcherServlet'
04-01-2022 09:42:57 - INFO  org.springframework.web.servlet.DispatcherServlet : Completed initialization in 2 ms
04-01-2022 09:42:57 - INFO  com.capg.mobilegames.utils.MobileGamesConstants : Mobile Games Controller: getMobileGame method is initialized
04-01-2022 09:42:57 - INFO  com.capg.mobilegames.utils.MobileGamesConstants : MobileGamesService: getMobileGame method is initialized
04-01-2022 09:42:57 - INFO  com.capg.mobilegames.utils.MobileGamesConstants : Mobile Games Service: addMobileGame method is executed
04-01-2022 09:42:57 - INFO  com.capg.mobilegames.utils.MobileGamesConstants : Mobile Games Controller: getMobileGame method is executed
04-01-2022 09:43:22 - INFO  com.netflix.discovery.DiscoveryClient : Disable delta property : false
04-01-2022 09:43:22 - INFO  com.netflix.discovery.DiscoveryClient : Single vip registry refresh property : null
04-01-2022 09:43:22 - INFO  com.netflix.discovery.DiscoveryClient : Force full registry fetch : false
04-01-2022 09:43:22 - INFO  com.netflix.discovery.DiscoveryClient : Application is null : false
04-01-2022 09:43:22 - INFO  com.netflix.discovery.DiscoveryClient : Registered Applications size is zero : true
04-01-2022 09:43:22 - INFO  com.netflix.discovery.DiscoveryClient : Application version is -1: false
04-01-2022 09:43:22 - INFO  com.netflix.discovery.DiscoveryClient : Getting all instance registry info from the eureka server
04-01-2022 09:43:22 - INFO  com.netflix.discovery.DiscoveryClient : The response status is 200
04-01-2022 09:43:37 - INFO  com.capg.mobilegames.utils.MobileGamesConstants : Mobile Games Controller: getMobileGame method is initialized
04-01-2022 09:43:37 - INFO  com.capg.mobilegames.utils.MobileGamesConstants : MobileGamesService: getMobileGame method is initialized
04-01-2022 09:43:37 - INFO  com.capg.mobilegames.utils.MobileGamesConstants : Mobile Games Service: addMobileGame method is executed
04-01-2022 09:43:37 - INFO  com.capg.mobilegames.utils.MobileGamesConstants : Mobile Games Controller: getMobileGame method is executed
04-01-2022 09:43:41 - INFO  com.capg.mobilegames.utils.MobileGamesConstants : Mobile Games Controller: getMobileGame method is initialized
04-01-2022 09:43:41 - INFO  com.capg.mobilegames.utils.MobileGamesConstants : MobileGamesService: getMobileGame method is initialized
04-01-2022 09:43:41 - INFO  com.capg.mobilegames.utils.MobileGamesConstants : Mobile Games Service: addMobileGame method is executed
04-01-2022 09:43:41 - INFO  com.capg.mobilegames.utils.MobileGamesConstants : Mobile Games Controller: getMobileGame method is executed
04-01-2022 09:47:51 - INFO  com.netflix.discovery.shared.resolver.aws.ConfigClusterResolver : Resolving eureka endpoints via configuration
04-01-2022 09:52:51 - INFO  com.netflix.discovery.shared.resolver.aws.ConfigClusterResolver : Resolving eureka endpoints via configuration
04-01-2022 09:57:51 - INFO  com.netflix.discovery.shared.resolver.aws.ConfigClusterResolver : Resolving eureka endpoints via configuration
04-01-2022 10:02:51 - INFO  com.netflix.discovery.shared.resolver.aws.ConfigClusterResolver : Resolving eureka endpoints via configuration
04-01-2022 10:07:51 - INFO  com.netflix.discovery.shared.resolver.aws.ConfigClusterResolver : Resolving eureka endpoints via configuration
04-01-2022 10:12:51 - INFO  com.netflix.discovery.shared.resolver.aws.ConfigClusterResolver : Resolving eureka endpoints via configuration
04-01-2022 10:17:51 - INFO  com.netflix.discovery.shared.resolver.aws.ConfigClusterResolver : Resolving eureka endpoints via configuration
04-01-2022 10:22:51 - INFO  com.netflix.discovery.shared.resolver.aws.ConfigClusterResolver : Resolving eureka endpoints via configuration
